<?xml version="1.0" encoding="UTF-8"?>
<!-- Generated by org.testng.reporters.JUnitReportReporter -->
<testsuite hostname="DESKTOP-08ASQM7" name="com.qa.test.DemoTest1" tests="4" failures="0" timestamp="23 Jun 2019 17:56:50 GMT" time="0.022" errors="0">
  <testcase name="div" time="0.015" classname="com.qa.test.DemoTest1"/>
  <testcase name="sub" time="0.002" classname="com.qa.test.DemoTest1"/>
  <testcase name="mul" time="0.002" classname="com.qa.test.DemoTest1"/>
  <testcase name="sum" time="0.003" classname="com.qa.test.DemoTest1"/>
</testsuite> <!-- com.qa.test.DemoTest1 -->
