<?xml version="1.0" encoding="UTF-8"?>
<!-- Generated by org.testng.reporters.JUnitReportReporter -->
<testsuite hostname="DESKTOP-08ASQM7" name="com.qa.test.DemoTest" tests="4" failures="0" timestamp="23 Jun 2019 17:26:59 GMT" time="0.026" errors="0">
  <testcase name="div" time="0.014" classname="com.qa.test.DemoTest"/>
  <testcase name="sub" time="0.003" classname="com.qa.test.DemoTest"/>
  <testcase name="mul" time="0.003" classname="com.qa.test.DemoTest"/>
  <testcase name="sum" time="0.006" classname="com.qa.test.DemoTest"/>
</testsuite> <!-- com.qa.test.DemoTest -->
