<?xml version="1.0" encoding="UTF-8"?>
<!-- Generated by org.testng.reporters.JUnitReportReporter -->
<testsuite hostname="DESKTOP-08ASQM7" name="qaclickacademy.com.Appiumtest" tests="2" failures="0" timestamp="8 Sep 2019 09:51:29 GMT" time="0.016" errors="0">
  <testcase name="IOSApps" time="0.013" classname="qaclickacademy.com.Appiumtest"/>
  <testcase name="NativeAppAndroid" time="0.003" classname="qaclickacademy.com.Appiumtest"/>
</testsuite> <!-- qaclickacademy.com.Appiumtest -->
